<?xml version="1.0" encoding="UTF-8" standalone="no"?>
<testsuite errors="0" failures="1" name="io.cucumber.core.plugin.JUnitFormatter" skipped="0" tests="2" time="29.394">
<testcase classname="check login functionality" name="_2" time="29.052">
<system-out><![CDATA[Given user is on login page.................................................passed
When user enters valid username and password................................passed
And clciks on login button..................................................passed
Then user is navigated to the home page.....................................passed
]]></system-out>
</testcase>
<testcase classname="check login functionality" name="_3" time="0.222">
<failure message="" type="java.lang.NullPointerException"><![CDATA[Given user is on login page.................................................passed
When user enters valid username and password................................passed
And clciks on login button..................................................passed
Then user is navigated to the home page.....................................passed

StackTrace:
java.lang.NullPointerException
	at StepForHooks.HookDemoSteps.teardown2(HookDemoSteps.java:46)
]]></failure>
</testcase>
</testsuite>
